<?xml version="1.0" encoding="UTF-8"?>
<testsuites name="jest tests" tests="4" failures="1" time="14.12">
  <testsuite name="Contacts APP" errors="0" failures="1" skipped="0" timestamp="2020-05-08T19:19:21" time="8.599" tests="4">
    <testcase classname="Contacts APP Should render Contact component" name="Contacts APP Should render Contact component" time="0.035">
    </testcase>
    <testcase classname="Contacts APP Should render Contacts component" name="Contacts APP Should render Contacts component" time="0.041">
      <failure>TypeError: Cannot read property &apos;map&apos; of undefined
    at Contacts.render (/home/lucas/Documents/Codenation/Quinto Módulo/react-13/src/components/Contacts.jsx:22:23)
    at finishClassComponent (/home/lucas/Documents/Codenation/Quinto Módulo/react-13/node_modules/react-dom/cjs/react-dom.development.js:17160:31)
    at updateClassComponent (/home/lucas/Documents/Codenation/Quinto Módulo/react-13/node_modules/react-dom/cjs/react-dom.development.js:17110:24)
    at beginWork (/home/lucas/Documents/Codenation/Quinto Módulo/react-13/node_modules/react-dom/cjs/react-dom.development.js:18620:16)
    at HTMLUnknownElement.callCallback (/home/lucas/Documents/Codenation/Quinto Módulo/react-13/node_modules/react-dom/cjs/react-dom.development.js:188:14)
    at invokeEventListeners (/home/lucas/Documents/Codenation/Quinto Módulo/react-13/node_modules/jsdom/lib/jsdom/living/events/EventTarget-impl.js:193:27)
    at HTMLUnknownElementImpl._dispatch (/home/lucas/Documents/Codenation/Quinto Módulo/react-13/node_modules/jsdom/lib/jsdom/living/events/EventTarget-impl.js:119:9)
    at HTMLUnknownElementImpl.dispatchEvent (/home/lucas/Documents/Codenation/Quinto Módulo/react-13/node_modules/jsdom/lib/jsdom/living/events/EventTarget-impl.js:82:17)
    at HTMLUnknownElementImpl.dispatchEvent (/home/lucas/Documents/Codenation/Quinto Módulo/react-13/node_modules/jsdom/lib/jsdom/living/nodes/HTMLElement-impl.js:30:27)
    at HTMLUnknownElement.dispatchEvent (/home/lucas/Documents/Codenation/Quinto Módulo/react-13/node_modules/jsdom/lib/jsdom/living/generated/EventTarget.js:157:21)
    at Object.invokeGuardedCallbackDev (/home/lucas/Documents/Codenation/Quinto Módulo/react-13/node_modules/react-dom/cjs/react-dom.development.js:237:16)
    at invokeGuardedCallback (/home/lucas/Documents/Codenation/Quinto Módulo/react-13/node_modules/react-dom/cjs/react-dom.development.js:292:31)
    at beginWork$1 (/home/lucas/Documents/Codenation/Quinto Módulo/react-13/node_modules/react-dom/cjs/react-dom.development.js:23203:7)
    at performUnitOfWork (/home/lucas/Documents/Codenation/Quinto Módulo/react-13/node_modules/react-dom/cjs/react-dom.development.js:22157:12)
    at workLoopSync (/home/lucas/Documents/Codenation/Quinto Módulo/react-13/node_modules/react-dom/cjs/react-dom.development.js:22130:22)
    at performSyncWorkOnRoot (/home/lucas/Documents/Codenation/Quinto Módulo/react-13/node_modules/react-dom/cjs/react-dom.development.js:21756:9)
    at scheduleUpdateOnFiber (/home/lucas/Documents/Codenation/Quinto Módulo/react-13/node_modules/react-dom/cjs/react-dom.development.js:21188:7)
    at updateContainer (/home/lucas/Documents/Codenation/Quinto Módulo/react-13/node_modules/react-dom/cjs/react-dom.development.js:24373:3)
    at /home/lucas/Documents/Codenation/Quinto Módulo/react-13/node_modules/react-dom/cjs/react-dom.development.js:24758:7
    at unbatchedUpdates (/home/lucas/Documents/Codenation/Quinto Módulo/react-13/node_modules/react-dom/cjs/react-dom.development.js:21903:12)
    at legacyRenderSubtreeIntoContainer (/home/lucas/Documents/Codenation/Quinto Módulo/react-13/node_modules/react-dom/cjs/react-dom.development.js:24757:5)
    at Object.render (/home/lucas/Documents/Codenation/Quinto Módulo/react-13/node_modules/react-dom/cjs/react-dom.development.js:24840:10)
    at /home/lucas/Documents/Codenation/Quinto Módulo/react-13/node_modules/@testing-library/react/dist/pure.js:86:25
    at batchedUpdates$1 (/home/lucas/Documents/Codenation/Quinto Módulo/react-13/node_modules/react-dom/cjs/react-dom.development.js:21856:12)
    at act (/home/lucas/Documents/Codenation/Quinto Módulo/react-13/node_modules/react-dom/cjs/react-dom-test-utils.development.js:929:14)
    at render (/home/lucas/Documents/Codenation/Quinto Módulo/react-13/node_modules/@testing-library/react/dist/pure.js:82:26)
    at Object.&lt;anonymous&gt; (/home/lucas/Documents/Codenation/Quinto Módulo/react-13/src/__tests__/submit.test.js:29:27)
    at Object.asyncJestTest (/home/lucas/Documents/Codenation/Quinto Módulo/react-13/node_modules/jest-jasmine2/build/jasmineAsyncInstall.js:102:37)
    at /home/lucas/Documents/Codenation/Quinto Módulo/react-13/node_modules/jest-jasmine2/build/queueRunner.js:43:12
    at new Promise (&lt;anonymous&gt;)
    at mapper (/home/lucas/Documents/Codenation/Quinto Módulo/react-13/node_modules/jest-jasmine2/build/queueRunner.js:26:19)
    at /home/lucas/Documents/Codenation/Quinto Módulo/react-13/node_modules/jest-jasmine2/build/queueRunner.js:73:41</failure>
    </testcase>
    <testcase classname="Contacts APP Should render Filters component" name="Contacts APP Should render Filters component" time="0.008">
    </testcase>
    <testcase classname="Contacts APP Should render Topbar component" name="Contacts APP Should render Topbar component" time="0.005">
    </testcase>
  </testsuite>
</testsuites>